Setting up watches.
Watches established.
Change detected in /var/www/html/hindley.tech/.htaccess. Enabling maintenance mode...
Change detected in /var/www/html/hindley.tech/.htaccess. Enabling maintenance mode...
Change detected in /var/www/html/hindley.tech/.htaccess. Enabling maintenance mode...
Change detected in /var/www/html/hindley.tech/.htaccess. Enabling maintenance mode...
Change detected in /var/www/html/hindley.tech/.htaccess. Enabling maintenance mode...
Change detected in /var/www/html/hindley.tech/.htaccess. Enabling maintenance mode...
Change detected in /var/www/html/hindley.tech/.htaccess. Enabling maintenance mode...
Change detected in /var/www/html/hindley.tech/.htaccess. Enabling maintenance mode...
Change detected in /var/www/html/hindley.tech/.htaccess. Enabling maintenance mode...
Change detected in /var/www/html/hindley.tech/.htaccess. Enabling maintenance mode...
Change detected in /var/www/html/hindley.tech/.htaccess. Enabling maintenance mode...
Change detected in /var/www/html/hindley.tech/.htaccess. Enabling maintenance mode...
Change detected in /var/www/html/hindley.tech/.htaccess. Enabling maintenance mode...
Change detected in /var/www/html/hindley.tech/.htaccess. Enabling maintenance mode...
Change detected in /var/www/html/hindley.tech/maintenance.html. Enabling maintenance mode...
Maintenance mode enabled.
Change detected in /var/www/html/hindley.tech/maintenance.html. Enabling maintenance mode...
Change detected in /var/www/html/hindley.tech/.htaccess. Enabling maintenance mode...
Change detected in /var/www/html/hindley.tech/.htaccess. Enabling maintenance mode...
Change detected in /var/www/html/hindley.tech/.htaccess. Enabling maintenance mode...
Change detected in /var/www/html/hindley.tech/.htaccess. Enabling maintenance mode...
Change detected in /var/www/html/hindley.tech/maintenance.html. Enabling maintenance mode...
Change detected in /var/www/html/hindley.tech/maintenance.html. Enabling maintenance mode...
Change detected in /var/www/html/hindley.tech/maintenance.html. Enabling maintenance mode...
Change detected in /var/www/html/hindley.tech/maintenance.html. Enabling maintenance mode...
Change detected in /var/www/html/hindley.tech/maintenance.html. Enabling maintenance mode...
Change detected in /var/www/html/hindley.tech/maintenance.html. Enabling maintenance mode...
Change detected in /var/www/html/hindley.tech/.htaccess. Enabling maintenance mode...
Maintenance mode disabled.
Maintenance mode enabled.
Change detected in /var/www/html/hindley.tech/.htaccess. Enabling maintenance mode...
Change detected in /var/www/html/hindley.tech/.htaccess. Enabling maintenance mode...
Change detected in /var/www/html/hindley.tech/.htaccess. Enabling maintenance mode...
Change detected in /var/www/html/hindley.tech/.htaccess. Enabling maintenance mode...
Change detected in /var/www/html/hindley.tech/.htaccess. Enabling maintenance mode...
Maintenance mode enabled.
Change detected in /var/www/html/hindley.tech/.htaccess. Enabling maintenance mode...
Change detected in /var/www/html/hindley.tech/.htaccess. Enabling maintenance mode...
Change detected in /var/www/html/hindley.tech/.htaccess. Enabling maintenance mode...
Change detected in /var/www/html/hindley.tech/.htaccess. Enabling maintenance mode...
Change detected in /var/www/html/hindley.tech/.htaccess. Enabling maintenance mode...
Change detected in /var/www/html/hindley.tech/.htaccess. Enabling maintenance mode...
Change detected in /var/www/html/hindley.tech/.htaccess. Enabling maintenance mode...
Change detected in /var/www/html/hindley.tech/.htaccess. Enabling maintenance mode...
Change detected in /var/www/html/hindley.tech/.htaccess. Enabling maintenance mode...
Change detected in /var/www/html/hindley.tech/.htaccess. Enabling maintenance mode...
Change detected in /var/www/html/hindley.tech/.htaccess. Enabling maintenance mode...
Change detected in /var/www/html/hindley.tech/.htaccess. Enabling maintenance mode...
Change detected in /var/www/html/hindley.tech/.htaccess. Enabling maintenance mode...
Maintenance mode enabled.
Change detected in /var/www/html/hindley.tech/.htaccess. Enabling maintenance mode...
Change detected in /var/www/html/hindley.tech/.htaccess. Enabling maintenance mode...
Change detected in /var/www/html/hindley.tech/.htaccess. Enabling maintenance mode...
Change detected in /var/www/html/hindley.tech/.htaccess. Enabling maintenance mode...
Change detected in /var/www/html/hindley.tech/.htaccess. Enabling maintenance mode...
Change detected in /var/www/html/hindley.tech/.htaccess. Enabling maintenance mode...
Change detected in /var/www/html/hindley.tech/.htaccess. Enabling maintenance mode...
Change detected in /var/www/html/hindley.tech/.htaccess. Enabling maintenance mode...
Change detected in /var/www/html/hindley.tech/.htaccess. Enabling maintenance mode...
Change detected in /var/www/html/hindley.tech/.htaccess. Enabling maintenance mode...
Change detected in /var/www/html/hindley.tech/.htaccess. Enabling maintenance mode...
Change detected in /var/www/html/hindley.tech/.htaccess. Enabling maintenance mode...
Change detected in /var/www/html/hindley.tech/.htaccess. Enabling maintenance mode...
Change detected in /var/www/html/hindley.tech/.htaccess. Enabling maintenance mode...
Change detected in /var/www/html/hindley.tech/.htaccess. Enabling maintenance mode...
Change detected in /var/www/html/hindley.tech/.htaccess. Enabling maintenance mode...
Change detected in /var/www/html/hindley.tech/.htaccess. Enabling maintenance mode...
Change detected in /var/www/html/hindley.tech/.htaccess. Enabling maintenance mode...
Change detected in /var/www/html/hindley.tech/.htaccess. Enabling maintenance mode...
Change detected in /var/www/html/hindley.tech/.htaccess. Enabling maintenance mode...
Change detected in /var/www/html/hindley.tech/.htaccess. Enabling maintenance mode...
Change detected in /var/www/html/hindley.tech/.htaccess. Enabling maintenance mode...
Change detected in /var/www/html/hindley.tech/.htaccess. Enabling maintenance mode...
Change detected in /var/www/html/hindley.tech/.htaccess. Enabling maintenance mode...
Change detected in /var/www/html/hindley.tech/.htaccess. Enabling maintenance mode...
Change detected in /var/www/html/hindley.tech/.htaccess. Enabling maintenance mode...
Change detected in /var/www/html/hindley.tech/.htaccess. Enabling maintenance mode...
Change detected in /var/www/html/hindley.tech/.htaccess. Enabling maintenance mode...
Change detected in /var/www/html/hindley.tech/.htaccess. Enabling maintenance mode...
Change detected in /var/www/html/hindley.tech/.htaccess. Enabling maintenance mode...
Change detected in /var/www/html/hindley.tech/.htaccess. Enabling maintenance mode...
Change detected in /var/www/html/hindley.tech/.htaccess. Enabling maintenance mode...
Change detected in /var/www/html/hindley.tech/.htaccess. Enabling maintenance mode...
Change detected in /var/www/html/hindley.tech/.htaccess. Enabling maintenance mode...
Change detected in /var/www/html/hindley.tech/.htaccess. Enabling maintenance mode...
Change detected in /var/www/html/hindley.tech/.htaccess. Enabling maintenance mode...
Change detected in /var/www/html/hindley.tech/.htaccess. Enabling maintenance mode...
Change detected in /var/www/html/hindley.tech/.htaccess. Enabling maintenance mode...
Change detected in /var/www/html/hindley.tech/.htaccess. Enabling maintenance mode...
Change detected in /var/www/html/hindley.tech/.htaccess. Enabling maintenance mode...
Change detected in /var/www/html/hindley.tech/.htaccess. Enabling maintenance mode...
Change detected in /var/www/html/hindley.tech/.htaccess. Enabling maintenance mode...
Change detected in /var/www/html/hindley.tech/.htaccess. Enabling maintenance mode...
Change detected in /var/www/html/hindley.tech/.htaccess. Enabling maintenance mode...
Change detected in /var/www/html/hindley.tech/contact.html. Enabling maintenance mode...
Change detected in /var/www/html/hindley.tech/contact.html. Enabling maintenance mode...
Change detected in /var/www/html/hindley.tech/contact.html. Enabling maintenance mode...
Change detected in /var/www/html/hindley.tech/contact.html. Enabling maintenance mode...
Change detected in /var/www/html/hindley.tech/contact.html. Enabling maintenance mode...
Change detected in /var/www/html/hindley.tech/contact.html. Enabling maintenance mode...
Change detected in /var/www/html/hindley.tech/contact.html. Enabling maintenance mode...
Change detected in /var/www/html/hindley.tech/contact.html. Enabling maintenance mode...
Change detected in /var/www/html/hindley.tech/index.html. Enabling maintenance mode...
Change detected in /var/www/html/hindley.tech/index.html. Enabling maintenance mode...
Change detected in /var/www/html/hindley.tech/index.html. Enabling maintenance mode...
Change detected in /var/www/html/hindley.tech/index.html. Enabling maintenance mode...
Change detected in /var/www/html/hindley.tech/index.html. Enabling maintenance mode...
Change detected in /var/www/html/hindley.tech/index.html. Enabling maintenance mode...
Change detected in /var/www/html/hindley.tech/about.html. Enabling maintenance mode...
Change detected in /var/www/html/hindley.tech/about.html. Enabling maintenance mode...
Change detected in /var/www/html/hindley.tech/about.html. Enabling maintenance mode...
Change detected in /var/www/html/hindley.tech/about.html. Enabling maintenance mode...
Change detected in /var/www/html/hindley.tech/about.html. Enabling maintenance mode...
Change detected in /var/www/html/hindley.tech/about.html. Enabling maintenance mode...
Change detected in /var/www/html/hindley.tech/.htaccess. Enabling maintenance mode...
Change detected in /var/www/html/hindley.tech/.htaccess. Enabling maintenance mode...
Change detected in /var/www/html/hindley.tech/.htaccess. Enabling maintenance mode...
Change detected in /var/www/html/hindley.tech/.htaccess. Enabling maintenance mode...
Change detected in /var/www/html/hindley.tech/.htaccess. Enabling maintenance mode...
Change detected in /var/www/html/hindley.tech/.htaccess. Enabling maintenance mode...
Change detected in /var/www/html/hindley.tech/.htaccess. Enabling maintenance mode...
Change detected in /var/www/html/hindley.tech/.htaccess. Enabling maintenance mode...
Change detected in /var/www/html/hindley.tech/.htaccess. Enabling maintenance mode...
Change detected in /var/www/html/hindley.tech/.htaccess. Enabling maintenance mode...
Change detected in /var/www/html/hindley.tech/maintenance.html. Enabling maintenance mode...
Change detected in /var/www/html/hindley.tech/maintenance.html. Enabling maintenance mode...
Change detected in /var/www/html/hindley.tech/maintenance.html. Enabling maintenance mode...
Change detected in /var/www/html/hindley.tech/maintenance.html. Enabling maintenance mode...
Change detected in /var/www/html/hindley.tech/maintenance.html. Enabling maintenance mode...
Change detected in /var/www/html/hindley.tech/maintenance.html. Enabling maintenance mode...
Change detected in /var/www/html/hindley.tech/maintenance.html. Enabling maintenance mode...
Change detected in /var/www/html/hindley.tech/maintenance.html. Enabling maintenance mode...
Change detected in /var/www/html/hindley.tech/maintenance.html. Enabling maintenance mode...
Change detected in /var/www/html/hindley.tech/maintenance.html. Enabling maintenance mode...
Change detected in /var/www/html/hindley.tech/maintenance.html. Enabling maintenance mode...
Change detected in /var/www/html/hindley.tech/maintenance.html. Enabling maintenance mode...
Change detected in /var/www/html/hindley.tech/guestbook.html. Enabling maintenance mode...
Change detected in /var/www/html/hindley.tech/guestbook.html. Enabling maintenance mode...
Change detected in /var/www/html/hindley.tech/guestbook.html. Enabling maintenance mode...
Change detected in /var/www/html/hindley.tech/guestbook.html. Enabling maintenance mode...
Change detected in /var/www/html/hindley.tech/guestbook.html. Enabling maintenance mode...
Change detected in /var/www/html/hindley.tech/guestbook.html. Enabling maintenance mode...
Change detected in /var/www/html/hindley.tech/guestbook.html. Enabling maintenance mode...
Change detected in /var/www/html/hindley.tech/guestbook.html. Enabling maintenance mode...
Change detected in /var/www/html/hindley.tech/guestbook.html. Enabling maintenance mode...
Change detected in /var/www/html/hindley.tech/guestbook.html. Enabling maintenance mode...
Change detected in /var/www/html/hindley.tech/guestbook.html. Enabling maintenance mode...
Change detected in /var/www/html/hindley.tech/guestbook.html. Enabling maintenance mode...
Change detected in /var/www/html/hindley.tech/guestbook.html. Enabling maintenance mode...
Change detected in /var/www/html/hindley.tech/guestbook.html. Enabling maintenance mode...
Change detected in /var/www/html/hindley.tech/guestbook.html. Enabling maintenance mode...
Change detected in /var/www/html/hindley.tech/guestbook.html. Enabling maintenance mode...
Change detected in /var/www/html/hindley.tech/guestbook.html. Enabling maintenance mode...
Change detected in /var/www/html/hindley.tech/guestbook.html. Enabling maintenance mode...
Change detected in /var/www/html/hindley.tech/guestbook.html. Enabling maintenance mode...
Change detected in /var/www/html/hindley.tech/guestbook.html. Enabling maintenance mode...
Change detected in /var/www/html/hindley.tech/guestbook.html. Enabling maintenance mode...
Change detected in /var/www/html/hindley.tech/guestbook.html. Enabling maintenance mode...
Change detected in /var/www/html/hindley.tech/guestbook.html. Enabling maintenance mode...
Change detected in /var/www/html/hindley.tech/guestbook.html. Enabling maintenance mode...
Change detected in /var/www/html/hindley.tech/guestbook.html. Enabling maintenance mode...
Change detected in /var/www/html/hindley.tech/guestbook.html. Enabling maintenance mode...
Change detected in /var/www/html/hindley.tech/guestbook.html. Enabling maintenance mode...
Change detected in /var/www/html/hindley.tech/guestbook.html. Enabling maintenance mode...
Change detected in /var/www/html/hindley.tech/guestbook.html. Enabling maintenance mode...
Change detected in /var/www/html/hindley.tech/guestbook.html. Enabling maintenance mode...
Change detected in /var/www/html/hindley.tech/guestbook.html. Enabling maintenance mode...
Change detected in /var/www/html/hindley.tech/guestbook.html. Enabling maintenance mode...
Change detected in /var/www/html/hindley.tech/guestbook.html. Enabling maintenance mode...
Change detected in /var/www/html/hindley.tech/guestbook.html. Enabling maintenance mode...
Change detected in /var/www/html/hindley.tech/guestbook.html. Enabling maintenance mode...
Change detected in /var/www/html/hindley.tech/guestbook.html. Enabling maintenance mode...
Change detected in /var/www/html/hindley.tech/guestbook.html. Enabling maintenance mode...
Change detected in /var/www/html/hindley.tech/guestbook.html. Enabling maintenance mode...
Change detected in /var/www/html/hindley.tech/guestbook.html. Enabling maintenance mode...
Change detected in /var/www/html/hindley.tech/guestbook.html. Enabling maintenance mode...
Change detected in /var/www/html/hindley.tech/guestbook.html. Enabling maintenance mode...
Change detected in /var/www/html/hindley.tech/guestbook.html. Enabling maintenance mode...
Change detected in /var/www/html/hindley.tech/guestbook.html. Enabling maintenance mode...
Change detected in /var/www/html/hindley.tech/guestbook.html. Enabling maintenance mode...
Change detected in /var/www/html/hindley.tech/guestbook.html. Enabling maintenance mode...
Change detected in /var/www/html/hindley.tech/guestbook.html. Enabling maintenance mode...
Change detected in /var/www/html/hindley.tech/guestbook.html. Enabling maintenance mode...
Change detected in /var/www/html/hindley.tech/.htaccess. Enabling maintenance mode...
Change detected in /var/www/html/hindley.tech/.htaccess. Enabling maintenance mode...
Change detected in /var/www/html/hindley.tech/.htaccess. Enabling maintenance mode...
Change detected in /var/www/html/hindley.tech/.htaccess. Enabling maintenance mode...
Change detected in /var/www/html/hindley.tech/.htaccess. Enabling maintenance mode...
Change detected in /var/www/html/hindley.tech/.htaccess. Enabling maintenance mode...
Change detected in /var/www/html/hindley.tech/.htaccess. Enabling maintenance mode...
Change detected in /var/www/html/hindley.tech/.htaccess. Enabling maintenance mode...
Change detected in /var/www/html/hindley.tech/.htaccess. Enabling maintenance mode...
Change detected in /var/www/html/hindley.tech/.htaccess. Enabling maintenance mode...
Change detected in /var/www/html/hindley.tech/.htaccess. Enabling maintenance mode...
Change detected in /var/www/html/hindley.tech/.htaccess. Enabling maintenance mode...
Change detected in /var/www/html/hindley.tech/.htaccess. Enabling maintenance mode...
Change detected in /var/www/html/hindley.tech/.htaccess. Enabling maintenance mode...
Change detected in /var/www/html/hindley.tech/.htaccess. Enabling maintenance mode...
Change detected in /var/www/html/hindley.tech/.htaccess. Enabling maintenance mode...
Change detected in /var/www/html/hindley.tech/.htaccess. Enabling maintenance mode...
Change detected in /var/www/html/hindley.tech/.htaccess. Enabling maintenance mode...
Maintenance mode disabled.
Maintenance mode enabled.
Change detected in /var/www/html/hindley.tech/.htaccess. Enabling maintenance mode...
Change detected in /var/www/html/hindley.tech/.htaccess. Enabling maintenance mode...
rm: cannot remove '/var/www/html/maintenance.flag': No such file or directory
Change detected in /var/www/html/hindley.tech/.htaccess. Enabling maintenance mode...
Maintenance mode disabled.
Maintenance mode enabled.
Change detected in /var/www/html/hindley.tech/.htaccess. Enabling maintenance mode...
Change detected in /var/www/html/hindley.tech/.htaccess. Enabling maintenance mode...
Change detected in /var/www/html/hindley.tech/.htaccess. Enabling maintenance mode...
Change detected in /var/www/html/hindley.tech/.htaccess. Enabling maintenance mode...
Change detected in /var/www/html/hindley.tech/.htaccess. Enabling maintenance mode...
Change detected in /var/www/html/hindley.tech/.htaccess. Enabling maintenance mode...
Change detected in /var/www/html/hindley.tech/.htaccess. Enabling maintenance mode...
Change detected in /var/www/html/hindley.tech/.htaccess. Enabling maintenance mode...
Change detected in /var/www/html/hindley.tech/.htaccess. Enabling maintenance mode...
Change detected in /var/www/html/hindley.tech/.htaccess. Enabling maintenance mode...
Change detected in /var/www/html/hindley.tech/.htaccess. Enabling maintenance mode...
Change detected in /var/www/html/hindley.tech/.htaccess. Enabling maintenance mode...
Change detected in /var/www/html/hindley.tech/.htaccess. Enabling maintenance mode...
Change detected in /var/www/html/hindley.tech/.htaccess. Enabling maintenance mode...
Change detected in /var/www/html/hindley.tech/.htaccess. Enabling maintenance mode...
Change detected in /var/www/html/hindley.tech/.htaccess. Enabling maintenance mode...
Change detected in /var/www/html/hindley.tech/.htaccess. Enabling maintenance mode...
Change detected in /var/www/html/hindley.tech/.htaccess. Enabling maintenance mode...
Change detected in /var/www/html/hindley.tech/.htaccess. Enabling maintenance mode...
Change detected in /var/www/html/hindley.tech/.htaccess. Enabling maintenance mode...
Change detected in /var/www/html/hindley.tech/.htaccess. Enabling maintenance mode...
Change detected in /var/www/html/hindley.tech/.htaccess. Enabling maintenance mode...
Change detected in /var/www/html/hindley.tech/.htaccess. Enabling maintenance mode...
Change detected in /var/www/html/hindley.tech/.htaccess. Enabling maintenance mode...
Change detected in /var/www/html/hindley.tech/.htaccess. Enabling maintenance mode...
Change detected in /var/www/html/hindley.tech/.htaccess. Enabling maintenance mode...
Change detected in /var/www/html/hindley.tech/.htaccess. Enabling maintenance mode...
Change detected in /var/www/html/hindley.tech/.htaccess. Enabling maintenance mode...
Change detected in /var/www/html/hindley.tech/.htaccess. Enabling maintenance mode...
Change detected in /var/www/html/hindley.tech/.htaccess. Enabling maintenance mode...
Change detected in /var/www/html/hindley.tech/.htaccess. Enabling maintenance mode...
Change detected in /var/www/html/hindley.tech/.htaccess. Enabling maintenance mode...
Change detected in /var/www/html/hindley.tech/.htaccess. Enabling maintenance mode...
Change detected in /var/www/html/hindley.tech/.htaccess. Enabling maintenance mode...
Change detected in /var/www/html/hindley.tech/.htaccess. Enabling maintenance mode...
Change detected in /var/www/html/hindley.tech/.htaccess. Enabling maintenance mode...
Change detected in /var/www/html/hindley.tech/.htaccess. Enabling maintenance mode...
Change detected in /var/www/html/hindley.tech/.htaccess. Enabling maintenance mode...
Change detected in /var/www/html/hindley.tech/.htaccess. Enabling maintenance mode...
Change detected in /var/www/html/hindley.tech/.htaccess. Enabling maintenance mode...
Change detected in /var/www/html/hindley.tech/.htaccess. Enabling maintenance mode...
Change detected in /var/www/html/hindley.tech/.htaccess. Enabling maintenance mode...
Change detected in /var/www/html/hindley.tech/.htaccess. Enabling maintenance mode...
Change detected in /var/www/html/hindley.tech/.htaccess. Enabling maintenance mode...
Change detected in /var/www/html/hindley.tech/.htaccess. Enabling maintenance mode...
Change detected in /var/www/html/hindley.tech/.htaccess. Enabling maintenance mode...
Change detected in /var/www/html/hindley.tech/.htaccess. Enabling maintenance mode...
Change detected in /var/www/html/hindley.tech/.htaccess. Enabling maintenance mode...
Change detected in /var/www/html/hindley.tech/.htaccess. Enabling maintenance mode...
Change detected in /var/www/html/hindley.tech/.htaccess. Enabling maintenance mode...
Change detected in /var/www/html/hindley.tech/.htaccess. Enabling maintenance mode...
Change detected in /var/www/html/hindley.tech/.htaccess. Enabling maintenance mode...
Change detected in /var/www/html/hindley.tech/.htaccess. Enabling maintenance mode...
Change detected in /var/www/html/hindley.tech/.htaccess. Enabling maintenance mode...
Change detected in /var/www/html/hindley.tech/.htaccess. Enabling maintenance mode...
Change detected in /var/www/html/hindley.tech/.htaccess. Enabling maintenance mode...
Change detected in /var/www/html/hindley.tech/.htaccess. Enabling maintenance mode...
Terminated
Stopping watch
Setting up watches.
Watches established.
